{"/home/matheus/desktop/github-matheusgrodrigues/livros/estrutura-de-dados-e-algoritmos-com-javascript/src/02-visao-geral-esmascript/Book.ts": {"path":"/home/matheus/desktop/github-matheusgrodrigues/livros/estrutura-de-dados-e-algoritmos-com-javascript/src/02-visao-geral-esmascript/Book.ts","all":false,"statementMap":{"0":{"start":{"line":1,"column":0},"end":{"line":1,"column":27}},"1":{"start":{"line":2,"column":0},"end":{"line":2,"column":24}},"2":{"start":{"line":3,"column":0},"end":{"line":3,"column":24}},"3":{"start":{"line":4,"column":0},"end":{"line":4,"column":24}},"4":{"start":{"line":5,"column":0},"end":{"line":5,"column":0}},"5":{"start":{"line":6,"column":0},"end":{"line":6,"column":61}},"6":{"start":{"line":7,"column":0},"end":{"line":7,"column":25}},"7":{"start":{"line":8,"column":0},"end":{"line":8,"column":25}},"8":{"start":{"line":9,"column":0},"end":{"line":9,"column":23}},"9":{"start":{"line":10,"column":0},"end":{"line":10,"column":4}},"10":{"start":{"line":11,"column":0},"end":{"line":11,"column":0}},"11":{"start":{"line":12,"column":0},"end":{"line":12,"column":16}},"12":{"start":{"line":13,"column":0},"end":{"line":13,"column":23}},"13":{"start":{"line":14,"column":0},"end":{"line":14,"column":4}},"14":{"start":{"line":15,"column":0},"end":{"line":15,"column":1}},"15":{"start":{"line":16,"column":0},"end":{"line":16,"column":0}},"16":{"start":{"line":17,"column":0},"end":{"line":17,"column":34}},"17":{"start":{"line":18,"column":0},"end":{"line":18,"column":28}},"18":{"start":{"line":19,"column":0},"end":{"line":19,"column":0}},"19":{"start":{"line":20,"column":0},"end":{"line":20,"column":80}},"20":{"start":{"line":21,"column":0},"end":{"line":21,"column":32}},"21":{"start":{"line":22,"column":0},"end":{"line":22,"column":33}},"22":{"start":{"line":23,"column":0},"end":{"line":23,"column":4}},"23":{"start":{"line":24,"column":0},"end":{"line":24,"column":0}},"24":{"start":{"line":25,"column":0},"end":{"line":25,"column":21}},"25":{"start":{"line":26,"column":0},"end":{"line":26,"column":28}},"26":{"start":{"line":27,"column":0},"end":{"line":27,"column":4}},"27":{"start":{"line":28,"column":0},"end":{"line":28,"column":1}}},"s":{"0":1,"1":1,"2":1,"3":1,"4":1,"5":1,"6":2,"7":2,"8":2,"9":2,"10":1,"11":1,"12":0,"13":0,"14":1,"15":1,"16":1,"17":1,"18":1,"19":1,"20":1,"21":1,"22":1,"23":1,"24":1,"25":1,"26":1,"27":1},"branchMap":{"0":{"type":"branch","line":6,"loc":{"start":{"line":6,"column":3},"end":{"line":10,"column":4}},"locations":[{"start":{"line":6,"column":3},"end":{"line":10,"column":4}}]},"1":{"type":"branch","line":20,"loc":{"start":{"line":20,"column":3},"end":{"line":23,"column":4}},"locations":[{"start":{"line":20,"column":3},"end":{"line":23,"column":4}}]},"2":{"type":"branch","line":25,"loc":{"start":{"line":25,"column":3},"end":{"line":27,"column":4}},"locations":[{"start":{"line":25,"column":3},"end":{"line":27,"column":4}}]}},"b":{"0":[2],"1":[1],"2":[1]},"fnMap":{"0":{"name":"Book","decl":{"start":{"line":6,"column":3},"end":{"line":10,"column":4}},"loc":{"start":{"line":6,"column":3},"end":{"line":10,"column":4}},"line":6},"1":{"name":"printIsbn","decl":{"start":{"line":12,"column":3},"end":{"line":14,"column":4}},"loc":{"start":{"line":12,"column":3},"end":{"line":14,"column":4}},"line":12},"2":{"name":"ITBook","decl":{"start":{"line":20,"column":3},"end":{"line":23,"column":4}},"loc":{"start":{"line":20,"column":3},"end":{"line":23,"column":4}},"line":20},"3":{"name":"printTecnology","decl":{"start":{"line":25,"column":3},"end":{"line":27,"column":4}},"loc":{"start":{"line":25,"column":3},"end":{"line":27,"column":4}},"line":25}},"f":{"0":2,"1":0,"2":1,"3":1}}
,"/home/matheus/desktop/github-matheusgrodrigues/livros/estrutura-de-dados-e-algoritmos-com-javascript/src/02-visao-geral-esmascript/CalcArea.ts": {"path":"/home/matheus/desktop/github-matheusgrodrigues/livros/estrutura-de-dados-e-algoritmos-com-javascript/src/02-visao-geral-esmascript/CalcArea.ts","all":false,"statementMap":{"0":{"start":{"line":1,"column":0},"end":{"line":1,"column":48}},"1":{"start":{"line":2,"column":0},"end":{"line":2,"column":47}},"2":{"start":{"line":3,"column":0},"end":{"line":3,"column":0}},"3":{"start":{"line":4,"column":0},"end":{"line":4,"column":22}}},"s":{"0":1,"1":1,"2":1,"3":1},"branchMap":{"0":{"type":"branch","line":1,"loc":{"start":{"line":1,"column":19},"end":{"line":1,"column":47}},"locations":[{"start":{"line":1,"column":19},"end":{"line":1,"column":47}}]},"1":{"type":"branch","line":2,"loc":{"start":{"line":2,"column":26},"end":{"line":2,"column":46}},"locations":[{"start":{"line":2,"column":26},"end":{"line":2,"column":46}}]}},"b":{"0":[1],"1":[1]},"fnMap":{"0":{"name":"circleArea","decl":{"start":{"line":1,"column":19},"end":{"line":1,"column":47}},"loc":{"start":{"line":1,"column":19},"end":{"line":1,"column":47}},"line":1},"1":{"name":"squareArea","decl":{"start":{"line":2,"column":26},"end":{"line":2,"column":46}},"loc":{"start":{"line":2,"column":26},"end":{"line":2,"column":46}},"line":2}},"f":{"0":1,"1":1}}
,"/home/matheus/desktop/github-matheusgrodrigues/livros/estrutura-de-dados-e-algoritmos-com-javascript/src/04-pilhas/StackArray.ts": {"path":"/home/matheus/desktop/github-matheusgrodrigues/livros/estrutura-de-dados-e-algoritmos-com-javascript/src/04-pilhas/StackArray.ts","all":false,"statementMap":{"0":{"start":{"line":1,"column":0},"end":{"line":1,"column":18}},"1":{"start":{"line":2,"column":0},"end":{"line":2,"column":27}},"2":{"start":{"line":3,"column":0},"end":{"line":3,"column":0}},"3":{"start":{"line":4,"column":0},"end":{"line":4,"column":18}},"4":{"start":{"line":5,"column":0},"end":{"line":5,"column":22}},"5":{"start":{"line":6,"column":0},"end":{"line":6,"column":4}},"6":{"start":{"line":7,"column":0},"end":{"line":7,"column":0}},"7":{"start":{"line":8,"column":0},"end":{"line":8,"column":10}},"8":{"start":{"line":9,"column":0},"end":{"line":9,"column":24}},"9":{"start":{"line":10,"column":0},"end":{"line":10,"column":4}},"10":{"start":{"line":11,"column":0},"end":{"line":11,"column":0}},"11":{"start":{"line":12,"column":0},"end":{"line":12,"column":28}},"12":{"start":{"line":13,"column":0},"end":{"line":13,"column":34}},"13":{"start":{"line":14,"column":0},"end":{"line":14,"column":4}},"14":{"start":{"line":15,"column":0},"end":{"line":15,"column":0}},"15":{"start":{"line":16,"column":0},"end":{"line":16,"column":10}},"16":{"start":{"line":17,"column":0},"end":{"line":17,"column":30}},"17":{"start":{"line":18,"column":0},"end":{"line":18,"column":4}},"18":{"start":{"line":19,"column":0},"end":{"line":19,"column":0}},"19":{"start":{"line":20,"column":0},"end":{"line":20,"column":11}},"20":{"start":{"line":21,"column":0},"end":{"line":21,"column":47}},"21":{"start":{"line":22,"column":0},"end":{"line":22,"column":4}},"22":{"start":{"line":23,"column":0},"end":{"line":23,"column":0}},"23":{"start":{"line":24,"column":0},"end":{"line":24,"column":14}},"24":{"start":{"line":25,"column":0},"end":{"line":25,"column":37}},"25":{"start":{"line":26,"column":0},"end":{"line":26,"column":4}},"26":{"start":{"line":27,"column":0},"end":{"line":27,"column":0}},"27":{"start":{"line":28,"column":0},"end":{"line":28,"column":12}},"28":{"start":{"line":29,"column":0},"end":{"line":29,"column":22}},"29":{"start":{"line":30,"column":0},"end":{"line":30,"column":4}},"30":{"start":{"line":31,"column":0},"end":{"line":31,"column":0}},"31":{"start":{"line":32,"column":0},"end":{"line":32,"column":11}},"32":{"start":{"line":33,"column":0},"end":{"line":33,"column":31}},"33":{"start":{"line":34,"column":0},"end":{"line":34,"column":4}},"34":{"start":{"line":35,"column":0},"end":{"line":35,"column":1}},"35":{"start":{"line":36,"column":0},"end":{"line":36,"column":0}},"36":{"start":{"line":37,"column":0},"end":{"line":37,"column":26}}},"s":{"0":1,"1":1,"2":1,"3":1,"4":6,"5":6,"6":1,"7":1,"8":2,"9":2,"10":1,"11":1,"12":4,"13":4,"14":1,"15":1,"16":1,"17":1,"18":1,"19":1,"20":1,"21":1,"22":1,"23":1,"24":2,"25":2,"26":1,"27":1,"28":1,"29":1,"30":1,"31":1,"32":1,"33":1,"34":1,"35":1,"36":1},"branchMap":{"0":{"type":"branch","line":4,"loc":{"start":{"line":4,"column":3},"end":{"line":6,"column":4}},"locations":[{"start":{"line":4,"column":3},"end":{"line":6,"column":4}}]},"1":{"type":"branch","line":8,"loc":{"start":{"line":8,"column":3},"end":{"line":10,"column":4}},"locations":[{"start":{"line":8,"column":3},"end":{"line":10,"column":4}}]},"2":{"type":"branch","line":12,"loc":{"start":{"line":12,"column":3},"end":{"line":14,"column":4}},"locations":[{"start":{"line":12,"column":3},"end":{"line":14,"column":4}}]},"3":{"type":"branch","line":16,"loc":{"start":{"line":16,"column":3},"end":{"line":18,"column":4}},"locations":[{"start":{"line":16,"column":3},"end":{"line":18,"column":4}}]},"4":{"type":"branch","line":20,"loc":{"start":{"line":20,"column":3},"end":{"line":22,"column":4}},"locations":[{"start":{"line":20,"column":3},"end":{"line":22,"column":4}}]},"5":{"type":"branch","line":24,"loc":{"start":{"line":24,"column":3},"end":{"line":26,"column":4}},"locations":[{"start":{"line":24,"column":3},"end":{"line":26,"column":4}}]},"6":{"type":"branch","line":28,"loc":{"start":{"line":28,"column":3},"end":{"line":30,"column":4}},"locations":[{"start":{"line":28,"column":3},"end":{"line":30,"column":4}}]},"7":{"type":"branch","line":32,"loc":{"start":{"line":32,"column":3},"end":{"line":34,"column":4}},"locations":[{"start":{"line":32,"column":3},"end":{"line":34,"column":4}}]}},"b":{"0":[6],"1":[2],"2":[4],"3":[1],"4":[1],"5":[2],"6":[1],"7":[1]},"fnMap":{"0":{"name":"StackArray","decl":{"start":{"line":4,"column":3},"end":{"line":6,"column":4}},"loc":{"start":{"line":4,"column":3},"end":{"line":6,"column":4}},"line":4},"1":{"name":"get","decl":{"start":{"line":8,"column":3},"end":{"line":10,"column":4}},"loc":{"start":{"line":8,"column":3},"end":{"line":10,"column":4}},"line":8},"2":{"name":"push","decl":{"start":{"line":12,"column":3},"end":{"line":14,"column":4}},"loc":{"start":{"line":12,"column":3},"end":{"line":14,"column":4}},"line":12},"3":{"name":"pop","decl":{"start":{"line":16,"column":3},"end":{"line":18,"column":4}},"loc":{"start":{"line":16,"column":3},"end":{"line":18,"column":4}},"line":16},"4":{"name":"peek","decl":{"start":{"line":20,"column":3},"end":{"line":22,"column":4}},"loc":{"start":{"line":20,"column":3},"end":{"line":22,"column":4}},"line":20},"5":{"name":"isEmpty","decl":{"start":{"line":24,"column":3},"end":{"line":26,"column":4}},"loc":{"start":{"line":24,"column":3},"end":{"line":26,"column":4}},"line":24},"6":{"name":"clear","decl":{"start":{"line":28,"column":3},"end":{"line":30,"column":4}},"loc":{"start":{"line":28,"column":3},"end":{"line":30,"column":4}},"line":28},"7":{"name":"size","decl":{"start":{"line":32,"column":3},"end":{"line":34,"column":4}},"loc":{"start":{"line":32,"column":3},"end":{"line":34,"column":4}},"line":32}},"f":{"0":6,"1":2,"2":4,"3":1,"4":1,"5":2,"6":1,"7":1}}
,"/home/matheus/desktop/github-matheusgrodrigues/livros/estrutura-de-dados-e-algoritmos-com-javascript/src/04-pilhas/StackObject.ts": {"path":"/home/matheus/desktop/github-matheusgrodrigues/livros/estrutura-de-dados-e-algoritmos-com-javascript/src/04-pilhas/StackObject.ts","all":false,"statementMap":{"0":{"start":{"line":1,"column":0},"end":{"line":1,"column":19}},"1":{"start":{"line":2,"column":0},"end":{"line":2,"column":25}},"2":{"start":{"line":3,"column":0},"end":{"line":3,"column":41}},"3":{"start":{"line":4,"column":0},"end":{"line":4,"column":0}},"4":{"start":{"line":5,"column":0},"end":{"line":5,"column":18}},"5":{"start":{"line":6,"column":0},"end":{"line":6,"column":21}},"6":{"start":{"line":7,"column":0},"end":{"line":7,"column":22}},"7":{"start":{"line":8,"column":0},"end":{"line":8,"column":4}},"8":{"start":{"line":9,"column":0},"end":{"line":9,"column":0}},"9":{"start":{"line":10,"column":0},"end":{"line":10,"column":10}},"10":{"start":{"line":11,"column":0},"end":{"line":11,"column":24}},"11":{"start":{"line":12,"column":0},"end":{"line":12,"column":4}},"12":{"start":{"line":13,"column":0},"end":{"line":13,"column":0}},"13":{"start":{"line":14,"column":0},"end":{"line":14,"column":26}},"14":{"start":{"line":15,"column":0},"end":{"line":15,"column":39}},"15":{"start":{"line":16,"column":0},"end":{"line":16,"column":19}},"16":{"start":{"line":17,"column":0},"end":{"line":17,"column":4}},"17":{"start":{"line":18,"column":0},"end":{"line":18,"column":0}},"18":{"start":{"line":19,"column":0},"end":{"line":19,"column":14}},"19":{"start":{"line":20,"column":0},"end":{"line":20,"column":30}},"20":{"start":{"line":21,"column":0},"end":{"line":21,"column":4}},"21":{"start":{"line":22,"column":0},"end":{"line":22,"column":0}},"22":{"start":{"line":23,"column":0},"end":{"line":23,"column":10}},"23":{"start":{"line":24,"column":0},"end":{"line":24,"column":43}},"24":{"start":{"line":25,"column":0},"end":{"line":25,"column":0}},"25":{"start":{"line":26,"column":0},"end":{"line":26,"column":19}},"26":{"start":{"line":27,"column":0},"end":{"line":27,"column":0}},"27":{"start":{"line":28,"column":0},"end":{"line":28,"column":44}},"28":{"start":{"line":29,"column":0},"end":{"line":29,"column":36}},"29":{"start":{"line":30,"column":0},"end":{"line":30,"column":0}},"30":{"start":{"line":31,"column":0},"end":{"line":31,"column":20}},"31":{"start":{"line":32,"column":0},"end":{"line":32,"column":4}},"32":{"start":{"line":33,"column":0},"end":{"line":33,"column":0}},"33":{"start":{"line":34,"column":0},"end":{"line":34,"column":11}},"34":{"start":{"line":35,"column":0},"end":{"line":35,"column":43}},"35":{"start":{"line":36,"column":0},"end":{"line":36,"column":0}},"36":{"start":{"line":37,"column":0},"end":{"line":37,"column":40}},"37":{"start":{"line":38,"column":0},"end":{"line":38,"column":4}},"38":{"start":{"line":39,"column":0},"end":{"line":39,"column":0}},"39":{"start":{"line":40,"column":0},"end":{"line":40,"column":12}},"40":{"start":{"line":41,"column":0},"end":{"line":41,"column":41}},"41":{"start":{"line":42,"column":0},"end":{"line":42,"column":4}},"42":{"start":{"line":43,"column":0},"end":{"line":43,"column":0}},"43":{"start":{"line":44,"column":0},"end":{"line":44,"column":11}},"44":{"start":{"line":45,"column":0},"end":{"line":45,"column":24}},"45":{"start":{"line":46,"column":0},"end":{"line":46,"column":4}},"46":{"start":{"line":47,"column":0},"end":{"line":47,"column":0}},"47":{"start":{"line":48,"column":0},"end":{"line":48,"column":15}},"48":{"start":{"line":49,"column":0},"end":{"line":49,"column":36}},"49":{"start":{"line":50,"column":0},"end":{"line":50,"column":0}},"50":{"start":{"line":51,"column":0},"end":{"line":51,"column":41}},"51":{"start":{"line":52,"column":0},"end":{"line":52,"column":0}},"52":{"start":{"line":53,"column":0},"end":{"line":53,"column":44}},"53":{"start":{"line":54,"column":0},"end":{"line":54,"column":53}},"54":{"start":{"line":55,"column":0},"end":{"line":55,"column":7}},"55":{"start":{"line":56,"column":0},"end":{"line":56,"column":0}},"56":{"start":{"line":57,"column":0},"end":{"line":57,"column":23}},"57":{"start":{"line":58,"column":0},"end":{"line":58,"column":4}},"58":{"start":{"line":59,"column":0},"end":{"line":59,"column":1}},"59":{"start":{"line":60,"column":0},"end":{"line":60,"column":0}},"60":{"start":{"line":61,"column":0},"end":{"line":61,"column":27}}},"s":{"0":1,"1":1,"2":1,"3":1,"4":1,"5":7,"6":7,"7":7,"8":1,"9":1,"10":2,"11":2,"12":1,"13":1,"14":10,"15":10,"16":10,"17":1,"18":1,"19":10,"20":10,"21":1,"22":1,"23":3,"24":3,"25":3,"26":3,"27":3,"28":3,"29":3,"30":3,"31":3,"32":1,"33":1,"34":1,"35":1,"36":1,"37":1,"38":1,"39":1,"40":1,"41":1,"42":1,"43":1,"44":1,"45":1,"46":1,"47":1,"48":1,"49":1,"50":1,"51":1,"52":1,"53":1,"54":1,"55":1,"56":1,"57":1,"58":1,"59":1,"60":1},"branchMap":{"0":{"type":"branch","line":5,"loc":{"start":{"line":5,"column":3},"end":{"line":8,"column":4}},"locations":[{"start":{"line":5,"column":3},"end":{"line":8,"column":4}}]},"1":{"type":"branch","line":10,"loc":{"start":{"line":10,"column":3},"end":{"line":12,"column":4}},"locations":[{"start":{"line":10,"column":3},"end":{"line":12,"column":4}}]},"2":{"type":"branch","line":14,"loc":{"start":{"line":14,"column":3},"end":{"line":17,"column":4}},"locations":[{"start":{"line":14,"column":3},"end":{"line":17,"column":4}}]},"3":{"type":"branch","line":19,"loc":{"start":{"line":19,"column":3},"end":{"line":21,"column":4}},"locations":[{"start":{"line":19,"column":3},"end":{"line":21,"column":4}}]},"4":{"type":"branch","line":23,"loc":{"start":{"line":23,"column":3},"end":{"line":32,"column":4}},"locations":[{"start":{"line":23,"column":3},"end":{"line":32,"column":4}}]},"5":{"type":"branch","line":24,"loc":{"start":{"line":24,"column":26},"end":{"line":24,"column":43}},"locations":[{"start":{"line":24,"column":26},"end":{"line":24,"column":43}}]},"6":{"type":"branch","line":34,"loc":{"start":{"line":34,"column":3},"end":{"line":38,"column":4}},"locations":[{"start":{"line":34,"column":3},"end":{"line":38,"column":4}}]},"7":{"type":"branch","line":35,"loc":{"start":{"line":35,"column":26},"end":{"line":35,"column":43}},"locations":[{"start":{"line":35,"column":26},"end":{"line":35,"column":43}}]},"8":{"type":"branch","line":40,"loc":{"start":{"line":40,"column":3},"end":{"line":42,"column":4}},"locations":[{"start":{"line":40,"column":3},"end":{"line":42,"column":4}}]},"9":{"type":"branch","line":41,"loc":{"start":{"line":41,"column":30},"end":{"line":41,"column":41}},"locations":[{"start":{"line":41,"column":30},"end":{"line":41,"column":41}}]},"10":{"type":"branch","line":44,"loc":{"start":{"line":44,"column":3},"end":{"line":46,"column":4}},"locations":[{"start":{"line":44,"column":3},"end":{"line":46,"column":4}}]},"11":{"type":"branch","line":48,"loc":{"start":{"line":48,"column":3},"end":{"line":58,"column":4}},"locations":[{"start":{"line":48,"column":3},"end":{"line":58,"column":4}}]},"12":{"type":"branch","line":49,"loc":{"start":{"line":49,"column":26},"end":{"line":49,"column":36}},"locations":[{"start":{"line":49,"column":26},"end":{"line":49,"column":36}}]}},"b":{"0":[7],"1":[2],"2":[10],"3":[10],"4":[3],"5":[0],"6":[1],"7":[0],"8":[1],"9":[2],"10":[1],"11":[1],"12":[0]},"fnMap":{"0":{"name":"StackObject","decl":{"start":{"line":5,"column":3},"end":{"line":8,"column":4}},"loc":{"start":{"line":5,"column":3},"end":{"line":8,"column":4}},"line":5},"1":{"name":"get","decl":{"start":{"line":10,"column":3},"end":{"line":12,"column":4}},"loc":{"start":{"line":10,"column":3},"end":{"line":12,"column":4}},"line":10},"2":{"name":"push","decl":{"start":{"line":14,"column":3},"end":{"line":17,"column":4}},"loc":{"start":{"line":14,"column":3},"end":{"line":17,"column":4}},"line":14},"3":{"name":"isEmpty","decl":{"start":{"line":19,"column":3},"end":{"line":21,"column":4}},"loc":{"start":{"line":19,"column":3},"end":{"line":21,"column":4}},"line":19},"4":{"name":"pop","decl":{"start":{"line":23,"column":3},"end":{"line":32,"column":4}},"loc":{"start":{"line":23,"column":3},"end":{"line":32,"column":4}},"line":23},"5":{"name":"peek","decl":{"start":{"line":34,"column":3},"end":{"line":38,"column":4}},"loc":{"start":{"line":34,"column":3},"end":{"line":38,"column":4}},"line":34},"6":{"name":"clear","decl":{"start":{"line":40,"column":3},"end":{"line":42,"column":4}},"loc":{"start":{"line":40,"column":3},"end":{"line":42,"column":4}},"line":40},"7":{"name":"size","decl":{"start":{"line":44,"column":3},"end":{"line":46,"column":4}},"loc":{"start":{"line":44,"column":3},"end":{"line":46,"column":4}},"line":44},"8":{"name":"toString","decl":{"start":{"line":48,"column":3},"end":{"line":58,"column":4}},"loc":{"start":{"line":48,"column":3},"end":{"line":58,"column":4}},"line":48}},"f":{"0":7,"1":2,"2":10,"3":10,"4":3,"5":1,"6":1,"7":1,"8":1}}
,"/home/matheus/desktop/github-matheusgrodrigues/livros/estrutura-de-dados-e-algoritmos-com-javascript/src/04-pilhas/StackWeakMap.ts": {"path":"/home/matheus/desktop/github-matheusgrodrigues/livros/estrutura-de-dados-e-algoritmos-com-javascript/src/04-pilhas/StackWeakMap.ts","all":false,"statementMap":{"0":{"start":{"line":1,"column":0},"end":{"line":1,"column":20}},"1":{"start":{"line":2,"column":0},"end":{"line":2,"column":33}},"2":{"start":{"line":3,"column":0},"end":{"line":3,"column":0}},"3":{"start":{"line":4,"column":0},"end":{"line":4,"column":18}},"4":{"start":{"line":5,"column":0},"end":{"line":5,"column":31}},"5":{"start":{"line":6,"column":0},"end":{"line":6,"column":4}},"6":{"start":{"line":7,"column":0},"end":{"line":7,"column":0}},"7":{"start":{"line":8,"column":0},"end":{"line":8,"column":10}},"8":{"start":{"line":9,"column":0},"end":{"line":9,"column":24}},"9":{"start":{"line":10,"column":0},"end":{"line":10,"column":4}},"10":{"start":{"line":11,"column":0},"end":{"line":11,"column":0}},"11":{"start":{"line":12,"column":0},"end":{"line":12,"column":26}},"12":{"start":{"line":13,"column":0},"end":{"line":13,"column":41}},"13":{"start":{"line":14,"column":0},"end":{"line":14,"column":4}},"14":{"start":{"line":15,"column":0},"end":{"line":15,"column":0}},"15":{"start":{"line":16,"column":0},"end":{"line":16,"column":10}},"16":{"start":{"line":17,"column":0},"end":{"line":17,"column":37}},"17":{"start":{"line":18,"column":0},"end":{"line":18,"column":24}},"18":{"start":{"line":19,"column":0},"end":{"line":19,"column":15}},"19":{"start":{"line":20,"column":0},"end":{"line":20,"column":4}},"20":{"start":{"line":21,"column":0},"end":{"line":21,"column":0}},"21":{"start":{"line":22,"column":0},"end":{"line":22,"column":11}},"22":{"start":{"line":23,"column":0},"end":{"line":23,"column":44}},"23":{"start":{"line":24,"column":0},"end":{"line":24,"column":43}},"24":{"start":{"line":25,"column":0},"end":{"line":25,"column":4}},"25":{"start":{"line":26,"column":0},"end":{"line":26,"column":0}},"26":{"start":{"line":27,"column":0},"end":{"line":27,"column":14}},"27":{"start":{"line":28,"column":0},"end":{"line":28,"column":47}},"28":{"start":{"line":29,"column":0},"end":{"line":29,"column":4}},"29":{"start":{"line":30,"column":0},"end":{"line":30,"column":0}},"30":{"start":{"line":31,"column":0},"end":{"line":31,"column":12}},"31":{"start":{"line":32,"column":0},"end":{"line":32,"column":31}},"32":{"start":{"line":33,"column":0},"end":{"line":33,"column":4}},"33":{"start":{"line":34,"column":0},"end":{"line":34,"column":0}},"34":{"start":{"line":35,"column":0},"end":{"line":35,"column":11}},"35":{"start":{"line":36,"column":0},"end":{"line":36,"column":41}},"36":{"start":{"line":37,"column":0},"end":{"line":37,"column":4}},"37":{"start":{"line":38,"column":0},"end":{"line":38,"column":1}},"38":{"start":{"line":39,"column":0},"end":{"line":39,"column":0}},"39":{"start":{"line":40,"column":0},"end":{"line":40,"column":28}}},"s":{"0":1,"1":1,"2":1,"3":1,"4":1,"5":1,"6":1,"7":1,"8":0,"9":0,"10":1,"11":1,"12":1,"13":1,"14":1,"15":1,"16":0,"17":0,"18":0,"19":0,"20":1,"21":1,"22":1,"23":1,"24":1,"25":1,"26":1,"27":0,"28":0,"29":1,"30":1,"31":0,"32":0,"33":1,"34":1,"35":0,"36":0,"37":1,"38":1,"39":1},"branchMap":{"0":{"type":"branch","line":4,"loc":{"start":{"line":4,"column":3},"end":{"line":6,"column":4}},"locations":[{"start":{"line":4,"column":3},"end":{"line":6,"column":4}}]},"1":{"type":"branch","line":12,"loc":{"start":{"line":12,"column":3},"end":{"line":14,"column":4}},"locations":[{"start":{"line":12,"column":3},"end":{"line":14,"column":4}}]},"2":{"type":"branch","line":22,"loc":{"start":{"line":22,"column":3},"end":{"line":25,"column":4}},"locations":[{"start":{"line":22,"column":3},"end":{"line":25,"column":4}}]}},"b":{"0":[1],"1":[1],"2":[1]},"fnMap":{"0":{"name":"StackWeakMap","decl":{"start":{"line":4,"column":3},"end":{"line":6,"column":4}},"loc":{"start":{"line":4,"column":3},"end":{"line":6,"column":4}},"line":4},"1":{"name":"get","decl":{"start":{"line":8,"column":3},"end":{"line":10,"column":4}},"loc":{"start":{"line":8,"column":3},"end":{"line":10,"column":4}},"line":8},"2":{"name":"push","decl":{"start":{"line":12,"column":3},"end":{"line":14,"column":4}},"loc":{"start":{"line":12,"column":3},"end":{"line":14,"column":4}},"line":12},"3":{"name":"pop","decl":{"start":{"line":16,"column":3},"end":{"line":20,"column":4}},"loc":{"start":{"line":16,"column":3},"end":{"line":20,"column":4}},"line":16},"4":{"name":"peek","decl":{"start":{"line":22,"column":3},"end":{"line":25,"column":4}},"loc":{"start":{"line":22,"column":3},"end":{"line":25,"column":4}},"line":22},"5":{"name":"isEmpty","decl":{"start":{"line":27,"column":3},"end":{"line":29,"column":4}},"loc":{"start":{"line":27,"column":3},"end":{"line":29,"column":4}},"line":27},"6":{"name":"clear","decl":{"start":{"line":31,"column":3},"end":{"line":33,"column":4}},"loc":{"start":{"line":31,"column":3},"end":{"line":33,"column":4}},"line":31},"7":{"name":"size","decl":{"start":{"line":35,"column":3},"end":{"line":37,"column":4}},"loc":{"start":{"line":35,"column":3},"end":{"line":37,"column":4}},"line":35}},"f":{"0":1,"1":0,"2":1,"3":0,"4":1,"5":0,"6":0,"7":0}}
}
