TN:
SF:src/02-visao-geral-esmascript/Book.ts
FN:6,Book
FN:12,printIsbn
FN:20,ITBook
FN:25,printTecnology
FNF:4
FNH:3
FNDA:2,Book
FNDA:0,printIsbn
FNDA:1,ITBook
FNDA:1,printTecnology
DA:1,1
DA:2,1
DA:3,1
DA:4,1
DA:5,1
DA:6,1
DA:7,2
DA:8,2
DA:9,2
DA:10,2
DA:11,1
DA:12,1
DA:13,0
DA:14,0
DA:15,1
DA:16,1
DA:17,1
DA:18,1
DA:19,1
DA:20,1
DA:21,1
DA:22,1
DA:23,1
DA:24,1
DA:25,1
DA:26,1
DA:27,1
DA:28,1
LF:28
LH:26
BRDA:6,0,0,2
BRDA:20,1,0,1
BRDA:25,2,0,1
BRF:3
BRH:3
end_of_record
TN:
SF:src/02-visao-geral-esmascript/CalcArea.ts
FN:1,circleArea
FN:2,squareArea
FNF:2
FNH:2
FNDA:1,circleArea
FNDA:1,squareArea
DA:1,1
DA:2,1
DA:3,1
DA:4,1
LF:4
LH:4
BRDA:1,0,0,1
BRDA:2,1,0,1
BRF:2
BRH:2
end_of_record
TN:
SF:src/04-pilhas/StackArray.ts
FN:4,StackArray
FN:8,get
FN:12,push
FN:16,pop
FN:20,peek
FN:24,isEmpty
FN:28,clear
FN:32,size
FNF:8
FNH:8
FNDA:6,StackArray
FNDA:2,get
FNDA:4,push
FNDA:1,pop
FNDA:1,peek
FNDA:2,isEmpty
FNDA:1,clear
FNDA:1,size
DA:1,1
DA:2,1
DA:3,1
DA:4,1
DA:5,6
DA:6,6
DA:7,1
DA:8,1
DA:9,2
DA:10,2
DA:11,1
DA:12,1
DA:13,4
DA:14,4
DA:15,1
DA:16,1
DA:17,1
DA:18,1
DA:19,1
DA:20,1
DA:21,1
DA:22,1
DA:23,1
DA:24,1
DA:25,2
DA:26,2
DA:27,1
DA:28,1
DA:29,1
DA:30,1
DA:31,1
DA:32,1
DA:33,1
DA:34,1
DA:35,1
DA:36,1
DA:37,1
LF:37
LH:37
BRDA:4,0,0,6
BRDA:8,1,0,2
BRDA:12,2,0,4
BRDA:16,3,0,1
BRDA:20,4,0,1
BRDA:24,5,0,2
BRDA:28,6,0,1
BRDA:32,7,0,1
BRF:8
BRH:8
end_of_record
TN:
SF:src/04-pilhas/StackObject.ts
FN:5,StackObject
FN:10,get
FN:14,push
FN:19,isEmpty
FN:23,pop
FN:34,peek
FN:40,clear
FN:44,size
FN:48,toString
FNF:9
FNH:9
FNDA:7,StackObject
FNDA:2,get
FNDA:10,push
FNDA:10,isEmpty
FNDA:3,pop
FNDA:1,peek
FNDA:1,clear
FNDA:1,size
FNDA:1,toString
DA:1,1
DA:2,1
DA:3,1
DA:4,1
DA:5,1
DA:6,7
DA:7,7
DA:8,7
DA:9,1
DA:10,1
DA:11,2
DA:12,2
DA:13,1
DA:14,1
DA:15,10
DA:16,10
DA:17,10
DA:18,1
DA:19,1
DA:20,10
DA:21,10
DA:22,1
DA:23,1
DA:24,3
DA:25,3
DA:26,3
DA:27,3
DA:28,3
DA:29,3
DA:30,3
DA:31,3
DA:32,3
DA:33,1
DA:34,1
DA:35,1
DA:36,1
DA:37,1
DA:38,1
DA:39,1
DA:40,1
DA:41,1
DA:42,1
DA:43,1
DA:44,1
DA:45,1
DA:46,1
DA:47,1
DA:48,1
DA:49,1
DA:50,1
DA:51,1
DA:52,1
DA:53,1
DA:54,1
DA:55,1
DA:56,1
DA:57,1
DA:58,1
DA:59,1
DA:60,1
DA:61,1
LF:61
LH:61
BRDA:5,0,0,7
BRDA:10,1,0,2
BRDA:14,2,0,10
BRDA:19,3,0,10
BRDA:23,4,0,3
BRDA:24,5,0,0
BRDA:34,6,0,1
BRDA:35,7,0,0
BRDA:40,8,0,1
BRDA:41,9,0,2
BRDA:44,10,0,1
BRDA:48,11,0,1
BRDA:49,12,0,0
BRF:13
BRH:10
end_of_record
TN:
SF:src/04-pilhas/StackWeakMap.ts
FN:4,StackWeakMap
FN:8,get
FN:12,push
FN:16,pop
FN:22,peek
FN:27,isEmpty
FN:31,clear
FN:35,size
FNF:8
FNH:3
FNDA:1,StackWeakMap
FNDA:0,get
FNDA:1,push
FNDA:0,pop
FNDA:1,peek
FNDA:0,isEmpty
FNDA:0,clear
FNDA:0,size
DA:1,1
DA:2,1
DA:3,1
DA:4,1
DA:5,1
DA:6,1
DA:7,1
DA:8,1
DA:9,0
DA:10,0
DA:11,1
DA:12,1
DA:13,1
DA:14,1
DA:15,1
DA:16,1
DA:17,0
DA:18,0
DA:19,0
DA:20,0
DA:21,1
DA:22,1
DA:23,1
DA:24,1
DA:25,1
DA:26,1
DA:27,1
DA:28,0
DA:29,0
DA:30,1
DA:31,1
DA:32,0
DA:33,0
DA:34,1
DA:35,1
DA:36,0
DA:37,0
DA:38,1
DA:39,1
DA:40,1
LF:40
LH:28
BRDA:4,0,0,1
BRDA:12,1,0,1
BRDA:22,2,0,1
BRF:3
BRH:3
end_of_record
