TN:
SF:src/02-visao-geral-esmascript/Book.ts
FN:6,Book
FN:12,printIsbn
FNF:2
FNH:2
FNDA:4,Book
FNDA:1,printIsbn
DA:1,1
DA:2,1
DA:3,1
DA:4,1
DA:5,1
DA:6,1
DA:7,4
DA:8,4
DA:9,4
DA:10,4
DA:11,1
DA:12,1
DA:13,1
DA:14,1
DA:15,1
LF:15
LH:15
BRDA:6,0,0,4
BRDA:12,1,0,1
BRF:2
BRH:2
end_of_record
TN:
SF:src/02-visao-geral-esmascript/CalcArea.ts
FN:1,circleArea
FN:2,squareArea
FNF:2
FNH:2
FNDA:2,circleArea
FNDA:2,squareArea
DA:1,1
DA:2,1
DA:3,1
DA:4,1
LF:4
LH:4
BRDA:1,0,0,2
BRDA:2,1,0,2
BRF:2
BRH:2
end_of_record
TN:
SF:src/02-visao-geral-esmascript/ITBook.ts
FN:6,ITBook
FN:11,printTecnology
FNF:2
FNH:2
FNDA:2,ITBook
FNDA:2,printTecnology
DA:1,1
DA:2,1
DA:3,1
DA:4,1
DA:5,1
DA:6,1
DA:7,2
DA:8,2
DA:9,2
DA:10,1
DA:11,1
DA:12,2
DA:13,2
DA:14,1
DA:15,1
DA:16,1
LF:16
LH:16
BRDA:6,0,0,2
BRDA:11,1,0,2
BRF:2
BRH:2
end_of_record
TN:
SF:src/03-arrays/acessando-elementos-e-iteracao-array.ts
FN:2,insertFirstPosition
FN:16,reIndex
FN:26,removeFirstPosition
FN:40,printMatrix
FN:54,printMatrix
FNF:5
FNH:5
FNDA:1,insertFirstPosition
FNDA:1,reIndex
FNDA:1,removeFirstPosition
FNDA:1,printMatrix
FNDA:1,printMatrix
DA:1,1
DA:2,1
DA:3,1
DA:4,1
DA:5,1
DA:6,6
DA:7,6
DA:8,1
DA:9,1
DA:10,1
DA:11,1
DA:12,1
DA:13,1
DA:14,1
DA:15,1
DA:16,1
DA:17,1
DA:18,1
DA:19,1
DA:20,2
DA:21,2
DA:22,1
DA:23,1
DA:24,1
DA:25,1
DA:26,1
DA:27,1
DA:28,1
DA:29,1
DA:30,3
DA:31,3
DA:32,1
DA:33,1
DA:34,1
DA:35,1
DA:36,1
DA:37,1
DA:38,1
DA:39,1
DA:40,1
DA:41,1
DA:42,1
DA:43,1
DA:44,2
DA:45,12
DA:46,12
DA:47,2
DA:48,1
DA:49,1
DA:50,1
DA:51,1
DA:52,1
DA:53,1
DA:54,1
DA:55,1
DA:56,1
DA:57,1
DA:58,3
DA:59,9
DA:60,27
DA:61,27
DA:62,9
DA:63,3
DA:64,1
DA:65,1
DA:66,1
DA:67,1
LF:67
LH:67
BRDA:2,0,0,1
BRDA:5,1,0,6
BRDA:16,2,0,1
BRDA:19,3,0,2
BRDA:26,4,0,1
BRDA:29,5,0,3
BRDA:40,6,0,1
BRDA:43,7,0,2
BRDA:44,8,0,12
BRDA:54,9,0,1
BRDA:57,10,0,3
BRDA:58,11,0,9
BRDA:59,12,0,27
BRF:13
BRH:13
end_of_record
TN:
SF:src/04-pilhas/Exercicios.ts
FN:4,decimalToBinary
FN:23,baseConverter
FNF:2
FNH:2
FNDA:3,decimalToBinary
FNDA:4,baseConverter
DA:1,1
DA:2,1
DA:3,1
DA:4,1
DA:5,3
DA:6,3
DA:7,3
DA:8,3
DA:9,3
DA:10,3
DA:11,22
DA:12,22
DA:13,22
DA:14,22
DA:15,3
DA:16,3
DA:17,22
DA:18,22
DA:19,3
DA:20,3
DA:21,1
DA:22,1
DA:23,1
DA:24,4
DA:25,4
DA:26,4
DA:27,4
DA:28,4
DA:29,4
DA:30,4
DA:31,4
DA:32,0
DA:33,0
DA:34,4
DA:35,4
DA:36,32
DA:37,32
DA:38,32
DA:39,32
DA:40,4
DA:41,4
DA:42,32
DA:43,32
DA:44,4
DA:45,4
DA:46,1
DA:47,1
DA:48,1
DA:49,1
LF:49
LH:47
BRDA:4,0,0,3
BRDA:10,1,0,22
BRDA:16,2,0,22
BRDA:17,3,0,0
BRDA:23,4,0,4
BRDA:31,5,0,0
BRDA:35,6,0,32
BRDA:41,7,0,32
BRF:8
BRH:6
end_of_record
TN:
SF:src/04-pilhas/StackArray.ts
FN:4,StackArray
FN:8,get
FN:12,push
FN:16,pop
FN:20,peek
FN:24,isEmpty
FN:28,clear
FN:32,size
FNF:8
FNH:8
FNDA:15,StackArray
FNDA:4,get
FNDA:60,push
FNDA:55,pop
FNDA:1,peek
FNDA:63,isEmpty
FNDA:1,clear
FNDA:1,size
DA:1,1
DA:2,1
DA:3,1
DA:4,1
DA:5,15
DA:6,15
DA:7,1
DA:8,1
DA:9,4
DA:10,4
DA:11,1
DA:12,1
DA:13,60
DA:14,60
DA:15,1
DA:16,1
DA:17,55
DA:18,55
DA:19,1
DA:20,1
DA:21,1
DA:22,1
DA:23,1
DA:24,1
DA:25,63
DA:26,63
DA:27,1
DA:28,1
DA:29,1
DA:30,1
DA:31,1
DA:32,1
DA:33,1
DA:34,1
DA:35,1
DA:36,1
DA:37,1
LF:37
LH:37
BRDA:4,0,0,15
BRDA:8,1,0,4
BRDA:12,2,0,60
BRDA:16,3,0,55
BRDA:20,4,0,1
BRDA:24,5,0,63
BRDA:28,6,0,1
BRDA:32,7,0,1
BRF:8
BRH:8
end_of_record
TN:
SF:src/04-pilhas/StackObject.ts
FN:5,StackObject
FN:10,get
FN:14,push
FN:19,isEmpty
FN:23,pop
FN:34,peek
FN:40,clear
FN:44,size
FN:48,toString
FNF:9
FNH:8
FNDA:8,StackObject
FNDA:3,get
FNDA:10,push
FNDA:5,isEmpty
FNDA:1,pop
FNDA:1,peek
FNDA:0,clear
FNDA:1,size
FNDA:1,toString
DA:1,1
DA:2,1
DA:3,1
DA:4,1
DA:5,1
DA:6,8
DA:7,8
DA:8,8
DA:9,1
DA:10,1
DA:11,3
DA:12,3
DA:13,1
DA:14,1
DA:15,10
DA:16,10
DA:17,10
DA:18,1
DA:19,1
DA:20,5
DA:21,5
DA:22,1
DA:23,1
DA:24,1
DA:25,1
DA:26,1
DA:27,1
DA:28,1
DA:29,1
DA:30,1
DA:31,1
DA:32,1
DA:33,1
DA:34,1
DA:35,1
DA:36,1
DA:37,1
DA:38,1
DA:39,1
DA:40,1
DA:41,0
DA:42,0
DA:43,1
DA:44,1
DA:45,1
DA:46,1
DA:47,1
DA:48,1
DA:49,1
DA:50,1
DA:51,1
DA:52,1
DA:53,1
DA:54,2
DA:55,2
DA:56,1
DA:57,1
DA:58,1
DA:59,1
DA:60,1
DA:61,1
LF:61
LH:59
BRDA:5,0,0,8
BRDA:10,1,0,3
BRDA:14,2,0,10
BRDA:19,3,0,5
BRDA:23,4,0,1
BRDA:24,5,0,0
BRDA:34,6,0,1
BRDA:35,7,0,0
BRDA:44,8,0,1
BRDA:48,9,0,1
BRDA:49,10,0,0
BRDA:53,11,0,2
BRF:12
BRH:9
end_of_record
TN:
SF:src/04-pilhas/StackWeakMap.ts
FN:4,StackWeakMap
FN:8,get
FN:12,push
FN:16,pop
FN:22,peek
FN:27,isEmpty
FN:31,clear
FN:35,size
FNF:8
FNH:7
FNDA:7,StackWeakMap
FNDA:3,get
FNDA:8,push
FNDA:1,pop
FNDA:1,peek
FNDA:2,isEmpty
FNDA:0,clear
FNDA:1,size
DA:1,1
DA:2,1
DA:3,1
DA:4,1
DA:5,7
DA:6,7
DA:7,1
DA:8,1
DA:9,3
DA:10,3
DA:11,1
DA:12,1
DA:13,8
DA:14,8
DA:15,1
DA:16,1
DA:17,1
DA:18,1
DA:19,1
DA:20,1
DA:21,1
DA:22,1
DA:23,1
DA:24,1
DA:25,1
DA:26,1
DA:27,1
DA:28,2
DA:29,2
DA:30,1
DA:31,1
DA:32,0
DA:33,0
DA:34,1
DA:35,1
DA:36,1
DA:37,1
DA:38,1
DA:39,1
DA:40,1
LF:40
LH:38
BRDA:4,0,0,7
BRDA:8,1,0,3
BRDA:12,2,0,8
BRDA:16,3,0,1
BRDA:22,4,0,1
BRDA:27,5,0,2
BRDA:35,6,0,1
BRF:7
BRH:7
end_of_record
TN:
SF:src/05-filas-e-deques/Deque.ts
FN:6,Deque
FN:12,addFront
FN:29,removeFront
FN:38,addBack
FN:43,removeBack
FN:54,isEmpty
FN:58,size
FN:62,peekFront
FN:68,peekBack
FN:74,toString
FNF:10
FNH:10
FNDA:14,Deque
FNDA:4,addFront
FNDA:4,removeFront
FNDA:26,addBack
FNDA:4,removeBack
FNDA:15,isEmpty
FNDA:24,size
FNDA:2,peekFront
FNDA:3,peekBack
FNDA:1,toString
DA:1,1
DA:2,1
DA:3,1
DA:4,1
DA:5,1
DA:6,1
DA:7,14
DA:8,14
DA:9,14
DA:10,14
DA:11,1
DA:12,1
DA:13,4
DA:14,3
DA:15,4
DA:16,0
DA:17,0
DA:18,1
DA:19,1
DA:20,1
DA:21,1
DA:22,1
DA:23,1
DA:24,1
DA:25,1
DA:26,1
DA:27,4
DA:28,1
DA:29,1
DA:30,4
DA:31,4
DA:32,4
DA:33,4
DA:34,4
DA:35,4
DA:36,4
DA:37,1
DA:38,1
DA:39,26
DA:40,26
DA:41,26
DA:42,1
DA:43,1
DA:44,4
DA:45,4
DA:46,4
DA:47,4
DA:48,4
DA:49,4
DA:50,4
DA:51,4
DA:52,4
DA:53,1
DA:54,1
DA:55,15
DA:56,15
DA:57,1
DA:58,1
DA:59,24
DA:60,24
DA:61,1
DA:62,1
DA:63,2
DA:64,2
DA:65,2
DA:66,2
DA:67,1
DA:68,1
DA:69,3
DA:70,3
DA:71,3
DA:72,3
DA:73,1
DA:74,1
DA:75,1
DA:76,1
DA:77,1
DA:78,1
DA:79,1
DA:80,1
DA:81,1
DA:82,1
DA:83,1
DA:84,1
DA:85,1
DA:86,1
DA:87,1
LF:87
LH:85
BRDA:6,0,0,14
BRDA:12,1,0,4
BRDA:13,2,0,3
BRDA:15,3,0,1
BRDA:15,4,0,0
BRDA:29,5,0,4
BRDA:38,6,0,26
BRDA:43,7,0,4
BRDA:44,8,0,0
BRDA:54,9,0,15
BRDA:58,10,0,24
BRDA:62,11,0,2
BRDA:63,12,0,0
BRDA:68,13,0,3
BRDA:69,14,0,0
BRDA:74,15,0,1
BRDA:75,16,0,0
BRF:17
BRH:12
end_of_record
TN:
SF:src/05-filas-e-deques/Exercicios.ts
FN:5,hotPotato
FN:27,palindromeChecker
FNF:2
FNH:2
FNDA:1,hotPotato
FNDA:4,palindromeChecker
DA:1,1
DA:2,1
DA:3,1
DA:4,1
DA:5,1
DA:6,1
DA:7,1
DA:8,1
DA:9,1
DA:10,5
DA:11,5
DA:12,1
DA:13,1
DA:14,4
DA:15,28
DA:16,28
DA:17,4
DA:18,4
DA:19,4
DA:20,1
DA:21,1
DA:22,1
DA:23,1
DA:24,1
DA:25,1
DA:26,1
DA:27,1
DA:28,4
DA:29,4
DA:30,4
DA:31,4
DA:32,4
DA:33,4
DA:34,4
DA:35,4
DA:36,4
DA:37,15
DA:38,15
DA:39,4
DA:40,4
DA:41,4
DA:42,4
DA:43,4
DA:44,4
DA:45,4
DA:46,4
DA:47,4
DA:48,1
DA:49,1
DA:50,1
DA:51,1
LF:51
LH:51
BRDA:5,0,0,1
BRDA:9,1,0,5
BRDA:13,2,0,4
BRDA:14,3,0,28
BRDA:27,4,0,4
BRDA:28,5,0,0
BRDA:36,6,0,15
BRDA:40,7,0,5
BRDA:44,8,0,1
BRF:9
BRH:8
end_of_record
TN:
SF:src/05-filas-e-deques/Queue.ts
FN:6,Queue
FN:12,enqueue
FN:17,dequeue
FN:26,peek
FN:32,isEmpty
FN:36,size
FN:40,clear
FN:46,toString
FNF:8
FNH:8
FNDA:7,Queue
FNDA:41,enqueue
FNDA:34,dequeue
FNDA:1,peek
FNDA:4,isEmpty
FNDA:10,size
FNDA:1,clear
FNDA:1,toString
DA:1,1
DA:2,1
DA:3,1
DA:4,1
DA:5,1
DA:6,1
DA:7,7
DA:8,7
DA:9,7
DA:10,7
DA:11,1
DA:12,1
DA:13,41
DA:14,41
DA:15,41
DA:16,1
DA:17,1
DA:18,34
DA:19,34
DA:20,34
DA:21,34
DA:22,34
DA:23,34
DA:24,34
DA:25,1
DA:26,1
DA:27,1
DA:28,1
DA:29,1
DA:30,1
DA:31,1
DA:32,1
DA:33,4
DA:34,4
DA:35,1
DA:36,1
DA:37,10
DA:38,10
DA:39,1
DA:40,1
DA:41,1
DA:42,1
DA:43,1
DA:44,1
DA:45,1
DA:46,1
DA:47,1
DA:48,1
DA:49,1
DA:50,1
DA:51,1
DA:52,0
DA:53,0
DA:54,1
DA:55,1
DA:56,1
DA:57,1
DA:58,1
DA:59,1
LF:59
LH:57
BRDA:6,0,0,7
BRDA:12,1,0,41
BRDA:17,2,0,34
BRDA:26,3,0,1
BRDA:27,4,0,0
BRDA:32,5,0,4
BRDA:36,6,0,10
BRDA:40,7,0,1
BRDA:46,8,0,1
BRDA:47,9,0,0
BRDA:51,10,0,0
BRF:11
BRH:8
end_of_record
